pdf417ScanActivity/build/intermediates/manifest_merge_blame_file/debug/manifest-merger-blame-debug-report.txt
1<?xml version="1.0" encoding="utf-8"?>
2<manifest xmlns:android="http://schemas.android.com/apk/res/android"
3    package="mobi.pdf417"
4    android:installLocation="preferExternal"
5    android:versionCode="114"
6    android:versionName="3.5.1" >
7
8    <uses-sdk
8-->src/main/AndroidManifest.xml:6:5-46
9        android:minSdkVersion="7"
9-->src/main/AndroidManifest.xml:6:5-46
10        android:targetSdkVersion="19" />
10-->src/main/AndroidManifest.xml:6:15-44
11
12    <supports-screens
12-->src/main/AndroidManifest.xml:4:5-161
13        android:anyDensity="true"
13-->src/main/AndroidManifest.xml:4:23-48
14        android:largeScreens="true"
14-->src/main/AndroidManifest.xml:4:49-76
15        android:normalScreens="true"
15-->src/main/AndroidManifest.xml:4:77-105
16        android:resizeable="true"
16-->src/main/AndroidManifest.xml:4:106-131
17        android:smallScreens="true" />
17-->src/main/AndroidManifest.xml:4:132-159
18
19    <uses-permission android:name="android.permission.CAMERA" />
19-->src/main/AndroidManifest.xml:8:5-64
19-->src/main/AndroidManifest.xml:8:22-62
20    <uses-permission android:name="android.permission.FLASHLIGHT" />
20-->src/main/AndroidManifest.xml:9:5-68
20-->src/main/AndroidManifest.xml:9:22-66
21
22    <uses-feature android:name="android.hardware.camera" />
22-->src/main/AndroidManifest.xml:11:5-59
22-->src/main/AndroidManifest.xml:11:19-57
23    <uses-feature
23-->src/main/AndroidManifest.xml:12:5-94
24        android:name="android.hardware.camera.autofocus"
24-->src/main/AndroidManifest.xml:12:19-67
25        android:required="false" />
25-->src/main/AndroidManifest.xml:12:68-92
26    <uses-feature
26-->src/main/AndroidManifest.xml:13:5-90
27        android:name="android.hardware.camera.flash"
27-->src/main/AndroidManifest.xml:13:19-63
28        android:required="false" />
28-->src/main/AndroidManifest.xml:13:64-88
29
30    <application>
30-->src/main/AndroidManifest.xml:15:5-23:19
31        <activity
31-->src/main/AndroidManifest.xml:16:9-22:20
32            android:name="mobi.pdf417.activity.Pdf417ScanActivity"
32-->src/main/AndroidManifest.xml:16:19-73
33            android:screenOrientation="portrait" >
33-->src/main/AndroidManifest.xml:16:74-110
34            <intent-filter>
34-->src/main/AndroidManifest.xml:17:13-21:29
35                <action android:name="mobi.pdf417.activity.Pdf417ScanActivity" />
35-->src/main/AndroidManifest.xml:18:17-81
35-->src/main/AndroidManifest.xml:18:25-79
36
37                <category android:name="android.intent.category.DEFAULT" />
37-->src/main/AndroidManifest.xml:20:17-75
37-->src/main/AndroidManifest.xml:20:27-73
38            </intent-filter>
39        </activity>
40    </application>
41
42</manifest>